<?xml version="1.0" encoding="UTF-8"?>
<!-- Generated by org.testng.reporters.JUnitReportReporter -->
<testsuite hostname="DESKTOP-G8KE0A0" failures="0" tests="11" name="Tests.LoginPage.LoginPageTests" time="7.060" errors="0" timestamp="2023-05-11T17:30:43 EEST" skipped="0">
  <testcase classname="Tests.LoginPage.LoginPageTests" name="checkThatErrorWrapperIsPresent" time="0.394"/>
  <system-out/>
  <testcase classname="Tests.LoginPage.LoginPageTests" name="checkToLoginCorrectUser" time="0.255"/>
  <system-out/>
  <testcase classname="Tests.LoginPage.LoginPageTests" name="checkThatLogoLoginWrapperIsPresent" time="0.077"/>
  <system-out/>
  <testcase classname="Tests.LoginPage.LoginPageTests" name="justPressLoginButton" time="0.112"/>
  <system-out/>
  <testcase classname="Tests.LoginPage.LoginPageTests" name="checkThatLogoIsPresent" time="0.081"/>
  <system-out/>
  <testcase classname="Tests.LoginPage.LoginPageTests" name="checkThatInformationWrapperIsPresent" time="0.082"/>
  <system-out/>
  <testcase classname="Tests.LoginPage.LoginPageTests" name="thatErrorMessageCanClosed" time="0.143"/>
  <system-out/>
  <testcase classname="Tests.LoginPage.LoginPageTests" name="justEnterOnlyUserStandard" time="0.200"/>
  <system-out/>
  <testcase classname="Tests.LoginPage.LoginPageTests" name="checkToLoginProblemUser" time="0.269"/>
  <system-out/>
  <testcase classname="Tests.LoginPage.LoginPageTests" name="checkToLoginPerformanceGlitchUser" time="5.250"/>
  <system-out/>
  <testcase classname="Tests.LoginPage.LoginPageTests" name="checkToLoginLockedUser" time="0.197"/>
  <system-out/>
</testsuite> <!-- Tests.LoginPage.LoginPageTests -->
