<?xml version="1.0" encoding="UTF-8"?>
<!-- Generated by org.testng.reporters.JUnitReportReporter -->
<testsuite hostname="DESKTOP-G8KE0A0" failures="0" tests="11" name="tests.loginPage.loginPageTests" time="6.668" errors="0" timestamp="2023-05-18T17:24:26 EEST" skipped="0">
  <testcase classname="tests.loginPage.loginPageTests" name="justEnterOnlyUserStandard" time="0.136"/>
  <system-out/>
  <testcase classname="tests.loginPage.loginPageTests" name="checkToLoginPerformanceGlitchUser" time="5.175"/>
  <system-out/>
  <testcase classname="tests.loginPage.loginPageTests" name="checkThatLogoLoginWrapperIsPresent" time="0.064"/>
  <system-out/>
  <testcase classname="tests.loginPage.loginPageTests" name="thatErrorMessageCanClosed" time="0.090"/>
  <system-out/>
  <testcase classname="tests.loginPage.loginPageTests" name="checkThatErrorWrapperIsPresent" time="0.378"/>
  <system-out/>
  <testcase classname="tests.loginPage.loginPageTests" name="checkThatInformationWrapperIsPresent" time="0.078"/>
  <system-out/>
  <testcase classname="tests.loginPage.loginPageTests" name="checkThatLogoIsPresent" time="0.062"/>
  <system-out/>
  <testcase classname="tests.loginPage.loginPageTests" name="checkToLoginCorrectUser" time="0.234"/>
  <system-out/>
  <testcase classname="tests.loginPage.loginPageTests" name="checkToLoginProblemUser" time="0.176"/>
  <system-out/>
  <testcase classname="tests.loginPage.loginPageTests" name="checkToLoginLockedUser" time="0.190"/>
  <system-out/>
  <testcase classname="tests.loginPage.loginPageTests" name="justPressLoginButton" time="0.085"/>
  <system-out/>
</testsuite> <!-- tests.loginPage.loginPageTests -->
