<?xml version="1.0" encoding="UTF-8"?>
<!-- Generated by org.testng.reporters.JUnitReportReporter -->
<testsuite hostname="DESKTOP-G8KE0A0" failures="0" tests="19" name="tests.InventoryPageTest.inventoryPageTests" time="7.875" errors="0" timestamp="2023-05-18T17:38:59 EEST" skipped="0">
  <testcase classname="tests.InventoryPageTest.inventoryPageTests" name="checkThatAboutIsWorking" time="2.605"/>
  <system-out/>
  <testcase classname="tests.InventoryPageTest.inventoryPageTests" name="checkThatSortContainerIsWorkHighToLow" time="0.501"/>
  <system-out/>
  <testcase classname="tests.InventoryPageTest.inventoryPageTests" name="clickAndCheckButtonMenu" time="0.216"/>
  <system-out/>
  <testcase classname="tests.InventoryPageTest.inventoryPageTests" name="checkThatAllCardsHaveName" time="0.227"/>
  <system-out/>
  <testcase classname="tests.InventoryPageTest.inventoryPageTests" name="checkThatAllCardsHaveDescribe" time="0.231"/>
  <system-out/>
  <testcase classname="tests.InventoryPageTest.inventoryPageTests" name="checkThatAllCardsHaveItemDescription" time="0.224"/>
  <system-out/>
  <testcase classname="tests.InventoryPageTest.inventoryPageTests" name="clickOnAllItemsButton" time="0.313"/>
  <system-out/>
  <testcase classname="tests.InventoryPageTest.inventoryPageTests" name="checkThatLogoutIsWorking" time="0.333"/>
  <system-out/>
  <testcase classname="tests.InventoryPageTest.inventoryPageTests" name="checkThatSortContainerIsPresent" time="0.178"/>
  <system-out/>
  <testcase classname="tests.InventoryPageTest.inventoryPageTests" name="checkThatAllProductsCardIsPresent" time="0.191"/>
  <system-out/>
  <testcase classname="tests.InventoryPageTest.inventoryPageTests" name="checkThatSortContainerIsWorkLowToHigh" time="0.353"/>
  <system-out/>
  <testcase classname="tests.InventoryPageTest.inventoryPageTests" name="checkThatResetAppStateIsWorking" time="0.353"/>
  <system-out/>
  <testcase classname="tests.InventoryPageTest.inventoryPageTests" name="checkThatAllCardsHavePrice" time="0.261"/>
  <system-out/>
  <testcase classname="tests.InventoryPageTest.inventoryPageTests" name="checkThatAllCardsHaveAddButton" time="0.354"/>
  <system-out/>
  <testcase classname="tests.InventoryPageTest.inventoryPageTests" name="checkThatLogoIsPresentOnPage" time="0.199"/>
  <system-out/>
  <testcase classname="tests.InventoryPageTest.inventoryPageTests" name="checkThatSortContainerIsWorkAZ" time="0.483"/>
  <system-out/>
  <testcase classname="tests.InventoryPageTest.inventoryPageTests" name="checkThatSortContainerIsWorkZA" time="0.406"/>
  <system-out/>
  <testcase classname="tests.InventoryPageTest.inventoryPageTests" name="checkThatShoppingCardIsClickable" time="0.234"/>
  <system-out/>
  <testcase classname="tests.InventoryPageTest.inventoryPageTests" name="checkThatAllCardsHaveAddIconImg" time="0.213"/>
  <system-out/>
</testsuite> <!-- tests.InventoryPageTest.inventoryPageTests -->
