<?xml version="1.0" encoding="UTF-8"?>
<!-- Generated by org.testng.reporters.JUnitReportReporter -->
<testsuite hostname="DESKTOP-G8KE0A0" failures="0" tests="9" name="Tests.InventoryPageTest.InventoryPageTests" time="2.167" errors="0" timestamp="2023-05-08T00:04:29 EEST" skipped="0">
  <testcase classname="Tests.InventoryPageTest.InventoryPageTests" name="checkThatAllCardsHaveName" time="0.189"/>
  <system-out/>
  <testcase classname="Tests.InventoryPageTest.InventoryPageTests" name="checkThatAllProductsCardIsPresent" time="0.167"/>
  <system-out/>
  <testcase classname="Tests.InventoryPageTest.InventoryPageTests" name="checkThatAllCardsHaveItemDescription" time="0.221"/>
  <system-out/>
  <testcase classname="Tests.InventoryPageTest.InventoryPageTests" name="checkThatAllCardsHavePrice" time="0.223"/>
  <system-out/>
  <testcase classname="Tests.InventoryPageTest.InventoryPageTests" name="checkThatAllCardsHaveAddIconImg" time="0.200"/>
  <system-out/>
  <testcase classname="Tests.InventoryPageTest.InventoryPageTests" name="checkThatAllCardsHaveDescribe" time="0.197"/>
  <system-out/>
  <testcase classname="Tests.InventoryPageTest.InventoryPageTests" name="checkThatSortContainerIsPresent" time="0.181"/>
  <system-out/>
  <testcase classname="Tests.InventoryPageTest.InventoryPageTests" name="checkThatAllCardsHaveAddButton" time="0.605"/>
  <system-out/>
  <testcase classname="Tests.InventoryPageTest.InventoryPageTests" name="checkThatLogoIsPresentOnPage" time="0.184"/>
  <system-out/>
</testsuite> <!-- Tests.InventoryPageTest.InventoryPageTests -->
