<?xml version="1.0" encoding="UTF-8"?>
<!-- Generated by org.testng.reporters.JUnitReportReporter -->
<testsuite hostname="DESKTOP-HIPP6DV" failures="0" tests="11" name="tests.loginPage.LoginPageTests" time="6.864" errors="0" timestamp="2024-06-05T11:39:04 EEST" skipped="0">
  <testcase classname="tests.loginPage.LoginPageTests" name="checkToLoginPerformanceGlitchUser" time="5.208"/>
  <system-out/>
  <testcase classname="tests.loginPage.LoginPageTests" name="justEnterOnlyUserStandard" time="0.128"/>
  <system-out/>
  <testcase classname="tests.loginPage.LoginPageTests" name="checkThatLogoLoginWrapperIsPresent" time="0.042"/>
  <system-out/>
  <testcase classname="tests.loginPage.LoginPageTests" name="checkThatInformationWrapperIsPresent" time="0.054"/>
  <system-out/>
  <testcase classname="tests.loginPage.LoginPageTests" name="checkThatLogoIsPresent" time="0.047"/>
  <system-out/>
  <testcase classname="tests.loginPage.LoginPageTests" name="checkToLoginLockedUser" time="0.219"/>
  <system-out/>
  <testcase classname="tests.loginPage.LoginPageTests" name="checkThatErrorWrapperIsPresent" time="0.559"/>
  <system-out/>
  <testcase classname="tests.loginPage.LoginPageTests" name="thatErrorMessageCanClosed" time="0.093"/>
  <system-out/>
  <testcase classname="tests.loginPage.LoginPageTests" name="checkToLoginProblemUser" time="0.172"/>
  <system-out/>
  <testcase classname="tests.loginPage.LoginPageTests" name="justPressLoginButton" time="0.094"/>
  <system-out/>
  <testcase classname="tests.loginPage.LoginPageTests" name="checkToLoginCorrectUser" time="0.248"/>
  <system-out/>
</testsuite> <!-- tests.loginPage.LoginPageTests -->
