<?xml version="1.0" encoding="UTF-8"?>
<!-- Generated by org.testng.reporters.JUnitReportReporter -->
<testsuite hostname="DESKTOP-G8KE0A0" failures="0" tests="19" name="tests.InventoryPageTest.inventoryPageTests" time="10.558" errors="0" timestamp="2023-05-18T17:24:26 EEST" skipped="0">
  <testcase classname="tests.InventoryPageTest.inventoryPageTests" name="checkThatAboutIsWorking" time="5.983"/>
  <system-out/>
  <testcase classname="tests.InventoryPageTest.inventoryPageTests" name="checkThatSortContainerIsWorkHighToLow" time="0.342"/>
  <system-out/>
  <testcase classname="tests.InventoryPageTest.inventoryPageTests" name="clickAndCheckButtonMenu" time="0.209"/>
  <system-out/>
  <testcase classname="tests.InventoryPageTest.inventoryPageTests" name="checkThatAllCardsHaveName" time="0.212"/>
  <system-out/>
  <testcase classname="tests.InventoryPageTest.inventoryPageTests" name="checkThatAllCardsHaveDescribe" time="0.208"/>
  <system-out/>
  <testcase classname="tests.InventoryPageTest.inventoryPageTests" name="checkThatAllCardsHaveItemDescription" time="0.206"/>
  <system-out/>
  <testcase classname="tests.InventoryPageTest.inventoryPageTests" name="clickOnAllItemsButton" time="0.312"/>
  <system-out/>
  <testcase classname="tests.InventoryPageTest.inventoryPageTests" name="checkThatLogoutIsWorking" time="0.313"/>
  <system-out/>
  <testcase classname="tests.InventoryPageTest.inventoryPageTests" name="checkThatSortContainerIsPresent" time="0.178"/>
  <system-out/>
  <testcase classname="tests.InventoryPageTest.inventoryPageTests" name="checkThatAllProductsCardIsPresent" time="0.172"/>
  <system-out/>
  <testcase classname="tests.InventoryPageTest.inventoryPageTests" name="checkThatSortContainerIsWorkLowToHigh" time="0.318"/>
  <system-out/>
  <testcase classname="tests.InventoryPageTest.inventoryPageTests" name="checkThatResetAppStateIsWorking" time="0.297"/>
  <system-out/>
  <testcase classname="tests.InventoryPageTest.inventoryPageTests" name="checkThatAllCardsHavePrice" time="0.244"/>
  <system-out/>
  <testcase classname="tests.InventoryPageTest.inventoryPageTests" name="checkThatAllCardsHaveAddButton" time="0.321"/>
  <system-out/>
  <testcase classname="tests.InventoryPageTest.inventoryPageTests" name="checkThatLogoIsPresentOnPage" time="0.183"/>
  <system-out/>
  <testcase classname="tests.InventoryPageTest.inventoryPageTests" name="checkThatSortContainerIsWorkAZ" time="0.327"/>
  <system-out/>
  <testcase classname="tests.InventoryPageTest.inventoryPageTests" name="checkThatSortContainerIsWorkZA" time="0.319"/>
  <system-out/>
  <testcase classname="tests.InventoryPageTest.inventoryPageTests" name="checkThatShoppingCardIsClickable" time="0.208"/>
  <system-out/>
  <testcase classname="tests.InventoryPageTest.inventoryPageTests" name="checkThatAllCardsHaveAddIconImg" time="0.206"/>
  <system-out/>
</testsuite> <!-- tests.InventoryPageTest.inventoryPageTests -->
