<?xml version="1.0" encoding="UTF-8"?>
<!-- Generated by org.testng.reporters.JUnitReportReporter -->
<testsuite hostname="DESKTOP-G8KE0A0" failures="0" tests="11" name="Tests.LoginPage.LoginPageTests" time="6.684" errors="0" timestamp="2023-05-08T00:04:29 EEST" skipped="0">
  <testcase classname="Tests.LoginPage.LoginPageTests" name="checkThatInformationWrapperIsPresent" time="0.084"/>
  <system-out/>
  <testcase classname="Tests.LoginPage.LoginPageTests" name="checkThatLogoLoginWrapperIsPresent" time="0.076"/>
  <system-out/>
  <testcase classname="Tests.LoginPage.LoginPageTests" name="checkToLoginLockedUser" time="0.194"/>
  <system-out/>
  <testcase classname="Tests.LoginPage.LoginPageTests" name="checkToLoginProblemUser" time="0.173"/>
  <system-out/>
  <testcase classname="Tests.LoginPage.LoginPageTests" name="checkThatErrorWrapperIsPresent" time="0.376"/>
  <system-out/>
  <testcase classname="Tests.LoginPage.LoginPageTests" name="justPressLoginButton" time="0.071"/>
  <system-out/>
  <testcase classname="Tests.LoginPage.LoginPageTests" name="checkThatLogoIsPresent" time="0.077"/>
  <system-out/>
  <testcase classname="Tests.LoginPage.LoginPageTests" name="checkToLoginPerformanceGlitchUser" time="5.175"/>
  <system-out/>
  <testcase classname="Tests.LoginPage.LoginPageTests" name="justEnterOnlyUserStandard" time="0.125"/>
  <system-out/>
  <testcase classname="Tests.LoginPage.LoginPageTests" name="checkToLoginCorrectUser" time="0.243"/>
  <system-out/>
  <testcase classname="Tests.LoginPage.LoginPageTests" name="thatErrorMessageCanClosed" time="0.090"/>
  <system-out/>
</testsuite> <!-- Tests.LoginPage.LoginPageTests -->
