<?xml version="1.0" encoding="UTF-8"?>
<!-- Generated by org.testng.reporters.JUnitReportReporter -->
<testsuite hostname="DESKTOP-G8KE0A0" failures="0" tests="19" name="Tests.InventoryPageTest.InventoryPageTests" time="7.814" errors="0" timestamp="2023-05-11T17:30:43 EEST" skipped="0">
  <testcase classname="Tests.InventoryPageTest.InventoryPageTests" name="clickAndCheckButtonMenu" time="0.242"/>
  <system-out/>
  <testcase classname="Tests.InventoryPageTest.InventoryPageTests" name="clickOnAllItemsButton" time="0.331"/>
  <system-out/>
  <testcase classname="Tests.InventoryPageTest.InventoryPageTests" name="checkThatAllCardsHavePrice" time="0.269"/>
  <system-out/>
  <testcase classname="Tests.InventoryPageTest.InventoryPageTests" name="checkThatResetAppStateIsWorking" time="0.296"/>
  <system-out/>
  <testcase classname="Tests.InventoryPageTest.InventoryPageTests" name="checkThatAboutIsWorking" time="2.674"/>
  <system-out/>
  <testcase classname="Tests.InventoryPageTest.InventoryPageTests" name="checkThatShoppingCardIsClickable" time="0.228"/>
  <system-out/>
  <testcase classname="Tests.InventoryPageTest.InventoryPageTests" name="checkThatSortContainerIsWorkZA" time="0.385"/>
  <system-out/>
  <testcase classname="Tests.InventoryPageTest.InventoryPageTests" name="checkThatAllProductsCardIsPresent" time="0.186"/>
  <system-out/>
  <testcase classname="Tests.InventoryPageTest.InventoryPageTests" name="checkThatSortContainerIsPresent" time="0.195"/>
  <system-out/>
  <testcase classname="Tests.InventoryPageTest.InventoryPageTests" name="checkThatAllCardsHaveItemDescription" time="0.231"/>
  <system-out/>
  <testcase classname="Tests.InventoryPageTest.InventoryPageTests" name="checkThatAllCardsHaveName" time="0.226"/>
  <system-out/>
  <testcase classname="Tests.InventoryPageTest.InventoryPageTests" name="checkThatLogoutIsWorking" time="0.332"/>
  <system-out/>
  <testcase classname="Tests.InventoryPageTest.InventoryPageTests" name="checkThatSortContainerIsWorkHighToLow" time="0.351"/>
  <system-out/>
  <testcase classname="Tests.InventoryPageTest.InventoryPageTests" name="checkThatSortContainerIsWorkAZ" time="0.366"/>
  <system-out/>
  <testcase classname="Tests.InventoryPageTest.InventoryPageTests" name="checkThatLogoIsPresentOnPage" time="0.195"/>
  <system-out/>
  <testcase classname="Tests.InventoryPageTest.InventoryPageTests" name="checkThatSortContainerIsWorkLowToHigh" time="0.364"/>
  <system-out/>
  <testcase classname="Tests.InventoryPageTest.InventoryPageTests" name="checkThatAllCardsHaveDescribe" time="0.250"/>
  <system-out/>
  <testcase classname="Tests.InventoryPageTest.InventoryPageTests" name="checkThatAllCardsHaveAddButton" time="0.438"/>
  <system-out/>
  <testcase classname="Tests.InventoryPageTest.InventoryPageTests" name="checkThatAllCardsHaveAddIconImg" time="0.255"/>
  <system-out/>
</testsuite> <!-- Tests.InventoryPageTest.InventoryPageTests -->
