<?xml version="1.0" encoding="UTF-8"?>
<!-- Generated by org.testng.reporters.JUnitReportReporter -->
<testsuite hostname="DESKTOP-HIPP6DV" failures="0" tests="19" name="tests.InventoryPageTest.InventoryPageTests" time="8.703" errors="0" timestamp="2024-06-05T11:39:04 EEST" skipped="0">
  <testcase classname="tests.InventoryPageTest.InventoryPageTests" name="checkThatLogoIsPresentOnPage" time="0.168"/>
  <system-out/>
  <testcase classname="tests.InventoryPageTest.InventoryPageTests" name="checkThatSortContainerIsWorkLowToHigh" time="0.333"/>
  <system-out/>
  <testcase classname="tests.InventoryPageTest.InventoryPageTests" name="checkThatAllCardsHaveDescribe" time="0.221"/>
  <system-out/>
  <testcase classname="tests.InventoryPageTest.InventoryPageTests" name="checkThatSortContainerIsWorkZA" time="0.364"/>
  <system-out/>
  <testcase classname="tests.InventoryPageTest.InventoryPageTests" name="checkThatResetAppStateIsWorking" time="0.301"/>
  <system-out/>
  <testcase classname="tests.InventoryPageTest.InventoryPageTests" name="checkThatLogoutIsWorking" time="0.345"/>
  <system-out/>
  <testcase classname="tests.InventoryPageTest.InventoryPageTests" name="checkThatSortContainerIsPresent" time="0.172"/>
  <system-out/>
  <testcase classname="tests.InventoryPageTest.InventoryPageTests" name="checkThatShoppingCardIsClickable" time="0.219"/>
  <system-out/>
  <testcase classname="tests.InventoryPageTest.InventoryPageTests" name="checkThatSortContainerIsWorkAZ" time="0.342"/>
  <system-out/>
  <testcase classname="tests.InventoryPageTest.InventoryPageTests" name="checkThatAllCardsHavePrice" time="0.253"/>
  <system-out/>
  <testcase classname="tests.InventoryPageTest.InventoryPageTests" name="checkThatAllProductsCardIsPresent" time="0.187"/>
  <system-out/>
  <testcase classname="tests.InventoryPageTest.InventoryPageTests" name="checkThatAllCardsHaveItemDescription" time="0.235"/>
  <system-out/>
  <testcase classname="tests.InventoryPageTest.InventoryPageTests" name="checkThatAllCardsHaveAddButton" time="0.417"/>
  <system-out/>
  <testcase classname="tests.InventoryPageTest.InventoryPageTests" name="checkThatAboutIsWorking" time="3.800"/>
  <system-out/>
  <testcase classname="tests.InventoryPageTest.InventoryPageTests" name="checkThatAllCardsHaveName" time="0.229"/>
  <system-out/>
  <testcase classname="tests.InventoryPageTest.InventoryPageTests" name="clickAndCheckButtonMenu" time="0.227"/>
  <system-out/>
  <testcase classname="tests.InventoryPageTest.InventoryPageTests" name="checkThatSortContainerIsWorkHighToLow" time="0.328"/>
  <system-out/>
  <testcase classname="tests.InventoryPageTest.InventoryPageTests" name="checkThatAllCardsHaveAddIconImg" time="0.240"/>
  <system-out/>
  <testcase classname="tests.InventoryPageTest.InventoryPageTests" name="clickOnAllItemsButton" time="0.322"/>
  <system-out/>
</testsuite> <!-- tests.InventoryPageTest.InventoryPageTests -->
