<?xml version="1.0" encoding="UTF-8"?>
<!-- Generated by org.testng.reporters.JUnitReportReporter -->
<testsuite hostname="DESKTOP-G8KE0A0" failures="0" tests="11" name="tests.loginPage.loginPageTests" time="6.756" errors="0" timestamp="2023-05-18T17:38:59 EEST" skipped="0">
  <testcase classname="tests.loginPage.loginPageTests" name="justEnterOnlyUserStandard" time="0.116"/>
  <system-out/>
  <testcase classname="tests.loginPage.loginPageTests" name="checkToLoginPerformanceGlitchUser" time="5.183"/>
  <system-out/>
  <testcase classname="tests.loginPage.loginPageTests" name="checkThatLogoLoginWrapperIsPresent" time="0.067"/>
  <system-out/>
  <testcase classname="tests.loginPage.loginPageTests" name="thatErrorMessageCanClosed" time="0.091"/>
  <system-out/>
  <testcase classname="tests.loginPage.loginPageTests" name="checkThatErrorWrapperIsPresent" time="0.417"/>
  <system-out/>
  <testcase classname="tests.loginPage.loginPageTests" name="checkThatInformationWrapperIsPresent" time="0.092"/>
  <system-out/>
  <testcase classname="tests.loginPage.loginPageTests" name="checkThatLogoIsPresent" time="0.076"/>
  <system-out/>
  <testcase classname="tests.loginPage.loginPageTests" name="checkToLoginCorrectUser" time="0.252"/>
  <system-out/>
  <testcase classname="tests.loginPage.loginPageTests" name="checkToLoginProblemUser" time="0.171"/>
  <system-out/>
  <testcase classname="tests.loginPage.loginPageTests" name="checkToLoginLockedUser" time="0.204"/>
  <system-out/>
  <testcase classname="tests.loginPage.loginPageTests" name="justPressLoginButton" time="0.087"/>
  <system-out/>
</testsuite> <!-- tests.loginPage.loginPageTests -->
